Build started 1/4/2016 1:24:48 AM.
     1>Project "\\TANELORN\quake\qlnx\engine-source\NPRQuake\NPRQuakeSrc\gas2masm\gas2masm.vcxproj" on node 2 (Build target(s)).
     1>ClCompile:
         C:\Program Files (x86)\Microsoft Visual Studio 12.0\VC\bin\CL.exe /c /ZI /nologo /W3 /WX- /Od /Oy- /D WIN32 /D _DEBUG /D _CONSOLE /D _VC80_UPGRADE=0x0600 /Gm /EHsc /MTd /GS /Gy- /fp:precise /Zc:wchar_t /Zc:forScope /Fo".\Debug\\" /Fd".\Debug\vc120.pdb" /Gd /TC /analyze- /errorReport:prompt gas2masm.c
         gas2masm.c
     1>\\tanelorn\quake\qlnx\engine-source\nprquake\nprquakesrc\gas2masm\gas2masm.c(116): warning C4996: 'strcmpi': The POSIX name for this item is deprecated. Instead, use the ISO C++ conformant name: _strcmpi. See online help for details.
                 c:\program files (x86)\microsoft visual studio 12.0\vc\include\string.h(252) : see declaration of 'strcmpi'
     1>\\tanelorn\quake\qlnx\engine-source\nprquake\nprquakesrc\gas2masm\gas2masm.c(216): warning C4996: 'strcpy': This function or variable may be unsafe. Consider using strcpy_s instead. To disable deprecation, use _CRT_SECURE_NO_WARNINGS. See online help for details.
                 c:\program files (x86)\microsoft visual studio 12.0\vc\include\string.h(112) : see declaration of 'strcpy'
     1>\\tanelorn\quake\qlnx\engine-source\nprquake\nprquakesrc\gas2masm\gas2masm.c(247): warning C4996: 'strnicmp': The POSIX name for this item is deprecated. Instead, use the ISO C++ conformant name: _strnicmp. See online help for details.
                 c:\program files (x86)\microsoft visual studio 12.0\vc\include\string.h(255) : see declaration of 'strnicmp'
     1>\\tanelorn\quake\qlnx\engine-source\nprquake\nprquakesrc\gas2masm\gas2masm.c(249): warning C4996: 'strcpy': This function or variable may be unsafe. Consider using strcpy_s instead. To disable deprecation, use _CRT_SECURE_NO_WARNINGS. See online help for details.
                 c:\program files (x86)\microsoft visual studio 12.0\vc\include\string.h(112) : see declaration of 'strcpy'
     1>\\tanelorn\quake\qlnx\engine-source\nprquake\nprquakesrc\gas2masm\gas2masm.c(550): warning C4996: 'strcmpi': The POSIX name for this item is deprecated. Instead, use the ISO C++ conformant name: _strcmpi. See online help for details.
                 c:\program files (x86)\microsoft visual studio 12.0\vc\include\string.h(252) : see declaration of 'strcmpi'
     1>\\tanelorn\quake\qlnx\engine-source\nprquake\nprquakesrc\gas2masm\gas2masm.c(928): warning C4996: 'strcmpi': The POSIX name for this item is deprecated. Instead, use the ISO C++ conformant name: _strcmpi. See online help for details.
                 c:\program files (x86)\microsoft visual studio 12.0\vc\include\string.h(252) : see declaration of 'strcmpi'
       Link:
         C:\Program Files (x86)\Microsoft Visual Studio 12.0\VC\bin\link.exe /ERRORREPORT:PROMPT /OUT:".\Debug\gas2masm.exe" /INCREMENTAL /NOLOGO odbc32.lib odbccp32.lib kernel32.lib user32.lib gdi32.lib winspool.lib comdlg32.lib advapi32.lib shell32.lib ole32.lib oleaut32.lib uuid.lib odbc32.lib odbccp32.lib /MANIFEST /MANIFESTUAC:"level='asInvoker' uiAccess='false'" /manifest:embed /DEBUG /PDB:".\Debug\gas2masm.pdb" /SUBSYSTEM:CONSOLE /TLBID:1 /DYNAMICBASE /NXCOMPAT /IMPLIB:".\Debug\gas2masm.lib" /MACHINE:X86 /SAFESEH .\Debug\gas2masm.obj
     1>LINK : warning LNK4076: invalid incremental status file '.\Debug\gas2masm.ilk' (which will be deleted); linking nonincrementally
     1>gas2masm.obj : warning LNK4075: ignoring '/EDITANDCONTINUE' due to '/OPT:LBR' specification
         gas2masm.vcxproj -> \\TANELORN\quake\qlnx\engine-source\NPRQuake\NPRQuakeSrc\gas2masm\.\Debug\gas2masm.exe
     1>Done Building Project "\\TANELORN\quake\qlnx\engine-source\NPRQuake\NPRQuakeSrc\gas2masm\gas2masm.vcxproj" (Build target(s)).

Build succeeded.

Time Elapsed 00:00:15.84
